<?xml version="1.0" encoding="UTF-8"?>
<!-- Generated by org.testng.reporters.JUnitReportReporter -->
<testsuite skipped="0" hostname="LAPTOP-DECM9G82" name="mockito.CategoryControllerTest" tests="4" failures="0" timestamp="2020-04-12T22:48:50 EDT" time="6.042" errors="0">
  <testcase name="addCategory" time="1.491" classname="mockito.CategoryControllerTest"/>
  <system-out/>
  <testcase name="findAll" time="1.623" classname="mockito.CategoryControllerTest"/>
  <system-out/>
  <testcase name="delete" time="1.265" classname="mockito.CategoryControllerTest"/>
  <system-out/>
  <testcase name="findCount" time="1.663" classname="mockito.CategoryControllerTest"/>
  <system-out/>
</testsuite> <!-- mockito.CategoryControllerTest -->
