<?xml version="1.0" encoding="UTF-8"?>
<!-- Generated by org.testng.reporters.JUnitReportReporter -->
<testsuite skipped="0" hostname="LAPTOP-DECM9G82" name="mockito.UsersControllerTest" tests="4" failures="0" timestamp="2020-04-12T22:48:50 EDT" time="0.423" errors="0">
  <testcase name="getUser" time="0.095" classname="mockito.UsersControllerTest"/>
  <system-out/>
  <testcase name="getUserIdByUserName" time="0.071" classname="mockito.UsersControllerTest"/>
  <system-out/>
  <testcase name="deleteUser" time="0.117" classname="mockito.UsersControllerTest"/>
  <system-out/>
  <testcase name="getUsers" time="0.140" classname="mockito.UsersControllerTest"/>
  <system-out/>
</testsuite> <!-- mockito.UsersControllerTest -->
