<?xml version="1.0" encoding="UTF-8"?>
<!-- Generated by org.testng.reporters.JUnitReportReporter -->
<testsuite skipped="0" hostname="LAPTOP-DECM9G82" name="mockito.UsersServiceImplTest" tests="5" failures="0" timestamp="2020-04-12T22:48:44 EDT" time="0.164" errors="0">
  <testcase name="getUserIdByUsername" time="0.032" classname="mockito.UsersServiceImplTest"/>
  <system-out/>
  <testcase name="makeNonActive" time="0.035" classname="mockito.UsersServiceImplTest"/>
  <system-out/>
  <testcase name="getLoginUserById" time="0.033" classname="mockito.UsersServiceImplTest"/>
  <system-out/>
  <testcase name="findOne" time="0.032" classname="mockito.UsersServiceImplTest"/>
  <system-out/>
  <testcase name="findAll" time="0.032" classname="mockito.UsersServiceImplTest"/>
  <system-out/>
</testsuite> <!-- mockito.UsersServiceImplTest -->
