<?xml version="1.0" encoding="UTF-8"?>
<!-- Generated by org.testng.reporters.JUnitReportReporter -->
<testsuite skipped="0" hostname="LAPTOP-DECM9G82" name="mockito.CategoryServiceImplTest" tests="4" failures="0" timestamp="2020-04-12T22:48:44 EDT" time="2.787" errors="0">
  <testcase name="findAll" time="0.697" classname="mockito.CategoryServiceImplTest"/>
  <system-out/>
  <testcase name="findOne" time="0.697" classname="mockito.CategoryServiceImplTest"/>
  <system-out/>
  <testcase name="delete" time="0.695" classname="mockito.CategoryServiceImplTest"/>
  <system-out/>
  <testcase name="save" time="0.698" classname="mockito.CategoryServiceImplTest"/>
  <system-out/>
</testsuite> <!-- mockito.CategoryServiceImplTest -->
